[debug] [2025-03-24T10:55:48.354Z] ----------------------------------------------------------------------
[debug] [2025-03-24T10:55:48.357Z] Command:       C:\Program Files\nodejs\node.exe C:\Users\kaloq\AppData\Roaming\npm\node_modules\firebase-tools\lib\bin\firebase.js deploy
[debug] [2025-03-24T10:55:48.358Z] CLI Version:   13.35.1
[debug] [2025-03-24T10:55:48.358Z] Platform:      win32
[debug] [2025-03-24T10:55:48.358Z] Node Version:  v22.12.0
[debug] [2025-03-24T10:55:48.359Z] Time:          Mon Mar 24 2025 12:55:48 GMT+0200 (Източноевропейско стандартно време)
[debug] [2025-03-24T10:55:48.359Z] ----------------------------------------------------------------------
[debug] 
[debug] [2025-03-24T10:55:48.636Z] > command requires scopes: ["email","openid","https://www.googleapis.com/auth/cloudplatformprojects.readonly","https://www.googleapis.com/auth/firebase","https://www.googleapis.com/auth/cloud-platform"]
[debug] [2025-03-24T10:55:48.636Z] > authorizing via signed-in user (stenlizakov85@gmail.com)
[debug] [2025-03-24T10:55:48.636Z] [iam] checking project spa-application-d3be3 for permissions ["firebase.projects.get","firebasehosting.sites.update"]
[debug] [2025-03-24T10:55:48.638Z] Checked if tokens are valid: true, expires at: 1742814841148
[debug] [2025-03-24T10:55:48.638Z] Checked if tokens are valid: true, expires at: 1742814841148
[debug] [2025-03-24T10:55:48.639Z] >>> [apiv2][query] POST https://cloudresourcemanager.googleapis.com/v1/projects/spa-application-d3be3:testIamPermissions [none]
[debug] [2025-03-24T10:55:48.639Z] >>> [apiv2][(partial)header] POST https://cloudresourcemanager.googleapis.com/v1/projects/spa-application-d3be3:testIamPermissions x-goog-quota-user=projects/spa-application-d3be3
[debug] [2025-03-24T10:55:48.639Z] >>> [apiv2][body] POST https://cloudresourcemanager.googleapis.com/v1/projects/spa-application-d3be3:testIamPermissions {"permissions":["firebase.projects.get","firebasehosting.sites.update"]}
[debug] [2025-03-24T10:55:49.918Z] <<< [apiv2][status] POST https://cloudresourcemanager.googleapis.com/v1/projects/spa-application-d3be3:testIamPermissions 200
[debug] [2025-03-24T10:55:49.919Z] <<< [apiv2][body] POST https://cloudresourcemanager.googleapis.com/v1/projects/spa-application-d3be3:testIamPermissions {}
[debug] [2025-03-24T10:55:49.919Z] [iam] error while checking permissions, command may fail: Authorization failed. This account is missing the following required permissions on project spa-application-d3be3:

  firebase.projects.get
  firebasehosting.sites.update
[debug] [2025-03-24T10:55:49.919Z] Checked if tokens are valid: true, expires at: 1742814841148
[debug] [2025-03-24T10:55:49.919Z] Checked if tokens are valid: true, expires at: 1742814841148
[debug] [2025-03-24T10:55:49.920Z] >>> [apiv2][query] GET https://firebase.googleapis.com/v1beta1/projects/spa-application-d3be3 [none]
[debug] [2025-03-24T10:55:50.416Z] <<< [apiv2][status] GET https://firebase.googleapis.com/v1beta1/projects/spa-application-d3be3 403
[debug] [2025-03-24T10:55:50.417Z] <<< [apiv2][body] GET https://firebase.googleapis.com/v1beta1/projects/spa-application-d3be3 {"error":{"code":403,"message":"The caller does not have permission","status":"PERMISSION_DENIED"}}
[debug] [2025-03-24T10:55:50.417Z] Request to https://firebase.googleapis.com/v1beta1/projects/spa-application-d3be3 had HTTP Error: 403, The caller does not have permission
[debug] [2025-03-24T10:55:50.626Z] FirebaseError: Request to https://firebase.googleapis.com/v1beta1/projects/spa-application-d3be3 had HTTP Error: 403, The caller does not have permission
    at responseToError (C:\Users\kaloq\AppData\Roaming\npm\node_modules\firebase-tools\lib\responseToError.js:52:12)
    at RetryOperation._fn (C:\Users\kaloq\AppData\Roaming\npm\node_modules\firebase-tools\lib\apiv2.js:312:77)
    at process.processTicksAndRejections (node:internal/process/task_queues:105:5)
[error] 
[error] Error: Failed to get Firebase project spa-application-d3be3. Please make sure the project exists and your account has permission to access it.
